<?xml version="1.0" encoding="UTF-8"?>
<!-- Generated by org.testng.reporters.JUnitXMLReporter -->
<testsuite hostname="dell-PC" name="Default test(failed)" tests="2" failures="0" timestamp="26 Apr 2016 06:57:58 GMT" time="0.019" errors="0">
  <testcase name="@BeforeSuite beforeSuite" time="0.0" classname="com.xiaoneng.uiautotest.testsuits.testcases.web.testExamlpe">
    <failure type="org.testng.TestNGException" message="
Parameter &amp;apos;filePath&amp;apos; is required by @Configuration on method beforeSuite but has not been marked @Optional or defined
in C:\Users\dell\Desktop\AutoTest\test-output\testng-failed.xml">
      <![CDATA[org.testng.TestNGException: 
Parameter 'filePath' is required by @Configuration on method beforeSuite but has not been marked @Optional or defined
in C:\Users\dell\Desktop\AutoTest\test-output\testng-failed.xml
... Removed 15 stack frames]]>
    </failure>
  </testcase> <!-- @BeforeSuite beforeSuite -->
  <testcase name="@BeforeClass BeforeClass" time="0.0" classname="com.xiaoneng.uiautotest.testsuits.testcases.web.testExamlpe">
    <skipped/>
  </testcase> <!-- @BeforeClass BeforeClass -->
  <testcase name="@AfterMethod afterMethod" time="0.0" classname="com.xiaoneng.uiautotest.testsuits.testcases.web.testExamlpe">
    <failure type="java.lang.NullPointerException">
      <![CDATA[java.lang.NullPointerException
	at com.xiaoneng.uiautotest.base.AutoTestBase.afterMethod(AutoTestBase.java:256)
... Removed 26 stack frames]]>
    </failure>
  </testcase> <!-- @AfterMethod afterMethod -->
  <testcase name="@AfterMethod afterMethod" time="0.0" classname="com.xiaoneng.uiautotest.testsuits.testcases.web.testExamlpe">
    <failure type="java.lang.NullPointerException">
      <![CDATA[java.lang.NullPointerException
	at com.xiaoneng.uiautotest.base.AutoTestBase.afterMethod(AutoTestBase.java:256)
... Removed 26 stack frames]]>
    </failure>
  </testcase> <!-- @AfterMethod afterMethod -->
  <testcase name="openbaidu" time="0.003" classname="com.xiaoneng.uiautotest.testsuits.testcases.web.testExamlpe">
    <skipped/>
  </testcase> <!-- openbaidu -->
  <testcase name="HealthCheck" time="0.001" classname="com.xiaoneng.uiautotest.testsuits.testcases.web.testExamlpe">
    <skipped/>
  </testcase> <!-- HealthCheck -->
</testsuite> <!-- Default test(failed) -->
