<?xml version="1.0" encoding="UTF-8"?>
<testng-results skipped="0" failed="0" total="1" passed="1">
  <reporter-output>
    <line>
      <![CDATA[2016-04-28 10:57:18 : [INFO] retrycount=0]]>
    </line>
    <line>
      <![CDATA[2016-04-28 10:57:18 : [INFO] sourceCodeDir=src/test]]>
    </line>
    <line>
      <![CDATA[2016-04-28 10:57:18 : [INFO] sourceCodeEncoding=UTF-8]]>
    </line>
    <line>
      <![CDATA[2016-04-28 10:57:18 : [INFO] 当前日期:20160427]]>
    </line>
    <line>
      <![CDATA[2016-04-28 10:57:18 : [INFO] 当前时间:1525]]>
    </line>
    <line>
      <![CDATA[2016-04-28 10:57:18 : [INFO] MobileCapabilityType.filePath = apps]]>
    </line>
    <line>
      <![CDATA[2016-04-28 10:57:18 : [INFO] MobileCapabilityType.appName = XiaonengChatDemo3.apk]]>
    </line>
    <line>
      <![CDATA[2016-04-28 10:57:18 : [INFO] MobileCapabilityType.platformName = Android]]>
    </line>
    <line>
      <![CDATA[2016-04-28 10:57:18 : [INFO] MobileCapabilityType.platformVersion = 4.4.2]]>
    </line>
    <line>
      <![CDATA[2016-04-28 10:57:18 : [INFO] MobileCapabilityType.deviceName = ]]>
    </line>
    <line>
      <![CDATA[2016-04-28 10:57:18 : [INFO] MobileCapabilityType.appPackage = com.example.androidsdk]]>
    </line>
    <line>
      <![CDATA[2016-04-28 10:57:18 : [INFO] MobileCapabilityType.appActivity = com.example.androidsdk.MainActivity]]>
    </line>
    <line>
      <![CDATA[2016-04-28 10:57:18 : [INFO] MobileCapabilityType.port = 5743]]>
    </line>
    <line>
      <![CDATA[2016-04-28 10:57:18 : [INFO] MobileCapabilityType.udid = 9TGA6TGIBEPJRS4T]]>
    </line>
    <line>
      <![CDATA[2016-04-28 10:58:04 : [INFO] exampleWeb Start]]>
    </line>
    <line>
      <![CDATA[2016-04-28 10:58:04 : [FLOW] 登录－点击sdk原生入口]]>
    </line>
    <line>
      <![CDATA[2016-04-28 10:58:04 : [STEP] [点击h5原生入口] ]]>
    </line>
    <line>
      <![CDATA[2016-04-28 10:58:05 : [INFO] [点击 -> name: h5_sdk入口]]]>
    </line>
    <line>
      <![CDATA[2016-04-28 10:58:05 : [STEP] [点击确定跳转到资讯页面] ]]>
    </line>
    <line>
      <![CDATA[2016-04-28 10:58:07 : [INFO] [点击 -> name: 确认]]]>
    </line>
    <line>
      <![CDATA[2016-04-28 10:58:08 : [STEP] [点击打开聊窗] ]]>
    </line>
    <line>
      <![CDATA[2016-04-28 10:58:09 : [INFO] [点击 -> id: openchat]]]>
    </line>
    <line>
      <![CDATA[2016-04-28 10:58:09 : [INFO] exampleWeb Success]]>
    </line>
    <line>
      <![CDATA[2016-04-28 10:58:09 : [STEP] [Wait For Text : [欢迎来到移动商城]] ]]>
    </line>
    <line>
      <![CDATA[2016-04-28 10:58:09 : [INFO] [Wait For Text : [欢迎来到移动商城]] ]]>
    </line>
    <line>
      <![CDATA[2016-04-28 10:58:22 : [INFO] 点击返回按钮]]>
    </line>
    <line>
      <![CDATA[2016-04-28 10:58:22 : [STEP] [点击返回按钮] ]]>
    </line>
    <line>
      <![CDATA[2016-04-28 10:58:22 : [INFO] [点击返回按钮] ]]>
    </line>
    <line>
      <![CDATA[2016-04-28 10:58:22 : [STEP] [Wait For Text : [欢迎来到移动商城]] ]]>
    </line>
    <line>
      <![CDATA[2016-04-28 10:58:22 : [INFO] [Wait For Text : [欢迎来到移动商城]] ]]>
    </line>
    <line>
      <![CDATA[2016-04-28 10:58:34 : [INFO] 点击返回按钮]]>
    </line>
    <line>
      <![CDATA[2016-04-28 10:58:34 : [STEP] [点击返回按钮] ]]>
    </line>
    <line>
      <![CDATA[2016-04-28 10:58:34 : [INFO] [点击返回按钮] ]]>
    </line>
    <line>
      <![CDATA[2016-04-28 10:58:34 : [STEP] [Wait For Text : [欢迎来到移动商城]] ]]>
    </line>
    <line>
      <![CDATA[2016-04-28 10:58:34 : [INFO] [Wait For Text : [欢迎来到移动商城]] ]]>
    </line>
  </reporter-output>
  <suite name="Failed suite [Failed suite [Failed suite [Failed suite [Failed suite [precodition]]]]]" duration-ms="33625" started-at="2016-04-28T02:58:04Z" finished-at="2016-04-28T02:58:37Z">
    <groups>
      <group name="p0">
        <method signature="Example_Tests.exampleWeb(java.lang.String)[pri:0, instance:com.xiaoneng.uiautotest.testsuits.testcases.app.Example_Tests@51efea79]" name="exampleWeb" class="com.xiaoneng.uiautotest.testsuits.testcases.app.Example_Tests"/>
      </group> <!-- p0 -->
    </groups>
    <test name="APP_Tests(failed)(failed)(failed)(failed)(failed)" duration-ms="33625" started-at="2016-04-28T02:58:04Z" finished-at="2016-04-28T02:58:37Z">
      <class name="com.xiaoneng.uiautotest.testsuits.testcases.app.Example_Tests">
        <test-method status="PASS" signature="beforeSuite(java.lang.String, java.lang.String, java.lang.String, java.lang.String, java.lang.String, java.lang.String, java.lang.String, java.lang.String, java.lang.String, int, java.lang.String, java.lang.String)[pri:0, instance:com.xiaoneng.uiautotest.testsuits.testcases.app.Example_Tests@51efea79]" name="beforeSuite" is-config="true" duration-ms="45819" started-at="2016-04-28T10:57:18Z" finished-at="2016-04-28T10:58:04Z">
          <params>
            <param index="0">
              <value>
                <![CDATA[apps]]>
              </value>
            </param>
            <param index="1">
              <value>
                <![CDATA[XiaonengChatDemo3.apk]]>
              </value>
            </param>
            <param index="2">
              <value>
                <![CDATA[Android]]>
              </value>
            </param>
            <param index="3">
              <value>
                <![CDATA[4.4.2]]>
              </value>
            </param>
            <param index="4">
              <value>
                <![CDATA[]]>
              </value>
            </param>
            <param index="5">
              <value>
                <![CDATA[com.example.androidsdk]]>
              </value>
            </param>
            <param index="6">
              <value>
                <![CDATA[com.example.androidsdk.MainActivity]]>
              </value>
            </param>
            <param index="7">
              <value>
                <![CDATA[5743]]>
              </value>
            </param>
            <param index="8">
              <value>
                <![CDATA[9TGA6TGIBEPJRS4T]]>
              </value>
            </param>
            <param index="9">
              <value>
                <![CDATA[30]]>
              </value>
            </param>
            <param index="10">
              <value>
                <![CDATA[chrome]]>
              </value>
            </param>
            <param index="11">
              <value>
                <![CDATA[www.baidu.com]]>
              </value>
            </param>
          </params>
          <reporter-output>
            <line>
              <![CDATA[2016-04-28 10:57:18 : [INFO] 当前日期:20160427]]>
            </line>
            <line>
              <![CDATA[2016-04-28 10:57:18 : [INFO] 当前时间:1525]]>
            </line>
            <line>
              <![CDATA[2016-04-28 10:57:18 : [INFO] MobileCapabilityType.filePath = apps]]>
            </line>
            <line>
              <![CDATA[2016-04-28 10:57:18 : [INFO] MobileCapabilityType.appName = XiaonengChatDemo3.apk]]>
            </line>
            <line>
              <![CDATA[2016-04-28 10:57:18 : [INFO] MobileCapabilityType.platformName = Android]]>
            </line>
            <line>
              <![CDATA[2016-04-28 10:57:18 : [INFO] MobileCapabilityType.platformVersion = 4.4.2]]>
            </line>
            <line>
              <![CDATA[2016-04-28 10:57:18 : [INFO] MobileCapabilityType.deviceName = ]]>
            </line>
            <line>
              <![CDATA[2016-04-28 10:57:18 : [INFO] MobileCapabilityType.appPackage = com.example.androidsdk]]>
            </line>
            <line>
              <![CDATA[2016-04-28 10:57:18 : [INFO] MobileCapabilityType.appActivity = com.example.androidsdk.MainActivity]]>
            </line>
            <line>
              <![CDATA[2016-04-28 10:57:18 : [INFO] MobileCapabilityType.port = 5743]]>
            </line>
            <line>
              <![CDATA[2016-04-28 10:57:18 : [INFO] MobileCapabilityType.udid = 9TGA6TGIBEPJRS4T]]>
            </line>
          </reporter-output>
        </test-method> <!-- beforeSuite -->
        <test-method status="PASS" signature="beforeClass()[pri:0, instance:com.xiaoneng.uiautotest.testsuits.testcases.app.Example_Tests@51efea79]" name="beforeClass" is-config="true" duration-ms="109" started-at="2016-04-28T10:58:04Z" finished-at="2016-04-28T10:58:04Z">
          <reporter-output>
          </reporter-output>
        </test-method> <!-- beforeClass -->
        <test-method status="PASS" signature="exampleWeb(java.lang.String)[pri:0, instance:com.xiaoneng.uiautotest.testsuits.testcases.app.Example_Tests@51efea79]" name="exampleWeb" duration-ms="5508" started-at="2016-04-28T10:58:04Z" finished-at="2016-04-28T10:58:09Z">
          <params>
            <param index="0">
              <value>
                <![CDATA[test]]>
              </value>
            </param>
          </params>
          <reporter-output>
            <line>
              <![CDATA[2016-04-28 10:58:04 : [FLOW] 登录－点击sdk原生入口]]>
            </line>
            <line>
              <![CDATA[2016-04-28 10:58:04 : [STEP] [点击h5原生入口] ]]>
            </line>
            <line>
              <![CDATA[2016-04-28 10:58:05 : [INFO] [点击 -> name: h5_sdk入口]]]>
            </line>
            <line>
              <![CDATA[2016-04-28 10:58:05 : [STEP] [点击确定跳转到资讯页面] ]]>
            </line>
            <line>
              <![CDATA[2016-04-28 10:58:07 : [INFO] [点击 -> name: 确认]]]>
            </line>
            <line>
              <![CDATA[2016-04-28 10:58:08 : [STEP] [点击打开聊窗] ]]>
            </line>
            <line>
              <![CDATA[2016-04-28 10:58:09 : [INFO] [点击 -> id: openchat]]]>
            </line>
            <line>
              <![CDATA[2016-04-28 10:58:09 : [INFO] exampleWeb Success]]>
            </line>
          </reporter-output>
        </test-method> <!-- exampleWeb -->
        <test-method status="PASS" signature="afterMethod()[pri:0, instance:com.xiaoneng.uiautotest.testsuits.testcases.app.Example_Tests@51efea79]" name="afterMethod" is-config="true" duration-ms="27998" started-at="2016-04-28T10:58:09Z" finished-at="2016-04-28T10:58:37Z">
          <reporter-output>
            <line>
              <![CDATA[2016-04-28 10:58:09 : [STEP] [Wait For Text : [欢迎来到移动商城]] ]]>
            </line>
            <line>
              <![CDATA[2016-04-28 10:58:09 : [INFO] [Wait For Text : [欢迎来到移动商城]] ]]>
            </line>
            <line>
              <![CDATA[2016-04-28 10:58:22 : [INFO] 点击返回按钮]]>
            </line>
            <line>
              <![CDATA[2016-04-28 10:58:22 : [STEP] [点击返回按钮] ]]>
            </line>
            <line>
              <![CDATA[2016-04-28 10:58:22 : [INFO] [点击返回按钮] ]]>
            </line>
            <line>
              <![CDATA[2016-04-28 10:58:22 : [STEP] [Wait For Text : [欢迎来到移动商城]] ]]>
            </line>
            <line>
              <![CDATA[2016-04-28 10:58:22 : [INFO] [Wait For Text : [欢迎来到移动商城]] ]]>
            </line>
            <line>
              <![CDATA[2016-04-28 10:58:34 : [INFO] 点击返回按钮]]>
            </line>
            <line>
              <![CDATA[2016-04-28 10:58:34 : [STEP] [点击返回按钮] ]]>
            </line>
            <line>
              <![CDATA[2016-04-28 10:58:34 : [INFO] [点击返回按钮] ]]>
            </line>
            <line>
              <![CDATA[2016-04-28 10:58:34 : [STEP] [Wait For Text : [欢迎来到移动商城]] ]]>
            </line>
            <line>
              <![CDATA[2016-04-28 10:58:34 : [INFO] [Wait For Text : [欢迎来到移动商城]] ]]>
            </line>
          </reporter-output>
        </test-method> <!-- afterMethod -->
        <test-method status="PASS" signature="afterSuit()[pri:0, instance:com.xiaoneng.uiautotest.testsuits.testcases.app.Example_Tests@51efea79]" name="afterSuit" is-config="true" duration-ms="3664" started-at="2016-04-28T10:58:37Z" finished-at="2016-04-28T10:58:41Z">
          <reporter-output>
          </reporter-output>
        </test-method> <!-- afterSuit -->
      </class> <!-- com.xiaoneng.uiautotest.testsuits.testcases.app.Example_Tests -->
    </test> <!-- APP_Tests(failed)(failed)(failed)(failed)(failed) -->
  </suite> <!-- Failed suite [Failed suite [Failed suite [Failed suite [Failed suite [precodition]]]]] -->
</testng-results>
